{"@t":"2023-04-11T19:27:50.0150433Z","@mt":"Look at the properties","MyContextName":{"Id":0,"StakeAmount":123,"WinAmount":null,"type":"Bet"}}
{"@t":"2023-04-11T19:27:50.0430281Z","@mt":"They're still here","MyContextName":{"Id":0,"StakeAmount":123,"WinAmount":null,"type":"Bet"}}
{"@t":"2023-04-11T19:27:50.0436449Z","@mt":"I have a parameter with my class name!","SourceContext":"ConsumerConsoleApp.Services.KafkaConsumer"}
{"@t":"2023-04-11T19:27:50.0887116Z","@mt":"Hi, this is a debug string. wow","@l":"Debug"}
{"@t":"2023-04-11T19:27:50.0889311Z","@mt":"Error! I have logged an error!","@l":"Error"}
{"@t":"2023-04-11T19:27:50.0981054Z","@mt":"I'm about to create an exception!","@l":"Warning"}
{"@t":"2023-04-11T19:27:50.1161161Z","@mt":"Debugging an exception what {one}, {@two}","@l":"Fatal","@x":"System.Exception: Big Exception happened\r\n   at ConsumerConsoleApp.Services.ExceptionThrower.DoIt() in C:\\Users\\Jox\\source\\repos\\TestConsoleAppNET\\ConsumerConsoleApp\\Services\\ExceptionThrower.cs:line 14\r\n   at ConsumerConsoleApp.Services.KafkaConsumer.StartConsuming() in C:\\Users\\Jox\\source\\repos\\TestConsoleAppNET\\ConsumerConsoleApp\\Services\\KafkaConsumer.cs:line 22","one":"ProducerConsoleApp.Models.Bet","two":{"Id":0,"StakeAmount":69,"WinAmount":null,"type":"Bet"}}
{"@t":"2023-04-11T19:28:07.4563062Z","@mt":"Look at the properties","MyContextName":{"Id":0,"StakeAmount":123,"WinAmount":null,"type":"Bet"}}
{"@t":"2023-04-11T19:28:07.4844564Z","@mt":"They're still here","MyContextName":{"Id":0,"StakeAmount":123,"WinAmount":null,"type":"Bet"}}
{"@t":"2023-04-11T19:28:07.4851303Z","@mt":"I have a parameter with my class name!","SourceContext":"ConsumerConsoleApp.Services.KafkaConsumer"}
{"@t":"2023-04-11T19:28:07.5232687Z","@mt":"Hi, this is a debug string. wow","@l":"Debug"}
{"@t":"2023-04-11T19:28:07.5235004Z","@mt":"Error! I have logged an error!","@l":"Error"}
{"@t":"2023-04-11T19:28:07.5312697Z","@mt":"I'm about to create an exception!","@l":"Warning"}
{"@t":"2023-04-11T19:28:07.5491210Z","@mt":"Debugging an exception what {one}, {@two}","@l":"Fatal","@x":"System.Exception: Big Exception happened\r\n   at ConsumerConsoleApp.Services.ExceptionThrower.DoIt() in C:\\Users\\Jox\\source\\repos\\TestConsoleAppNET\\ConsumerConsoleApp\\Services\\ExceptionThrower.cs:line 14\r\n   at ConsumerConsoleApp.Services.KafkaConsumer.StartConsuming() in C:\\Users\\Jox\\source\\repos\\TestConsoleAppNET\\ConsumerConsoleApp\\Services\\KafkaConsumer.cs:line 22","one":"ProducerConsoleApp.Models.Bet","two":{"Id":0,"StakeAmount":69,"WinAmount":null,"type":"Bet"}}
{"@t":"2023-04-12T14:02:30.8342679Z","@mt":"Look at the properties","MyContextName":{"Id":0,"GameId":0,"UserId":0,"StakeAmount":123,"WinAmount":null,"Created":"0001-01-01T00:00:00.0000000","$type":"Bet"}}
{"@t":"2023-04-12T14:02:30.9373905Z","@mt":"They're still here","MyContextName":{"Id":0,"GameId":0,"UserId":0,"StakeAmount":123,"WinAmount":null,"Created":"0001-01-01T00:00:00.0000000","$type":"Bet"}}
{"@t":"2023-04-12T14:02:30.9386814Z","@mt":"I have a parameter with my class name!","SourceContext":"ConsumerConsoleApp.Services.KafkaConsumer"}
{"@t":"2023-04-12T14:02:31.5471108Z","@mt":"Hi, this is a debug string. wow","@l":"Debug"}
{"@t":"2023-04-12T14:02:31.5485967Z","@mt":"Error! I have logged an error!","@l":"Error"}
{"@t":"2023-04-12T14:02:31.5845798Z","@mt":"I'm about to create an exception!","@l":"Warning"}
{"@t":"2023-04-12T14:02:31.6249189Z","@mt":"Debugging an exception what {one}, {@two}","@l":"Fatal","@x":"System.Exception: Big Exception happened\r\n   at ConsumerConsoleApp.Services.ExceptionThrower.DoIt() in C:\\Users\\Jox\\source\\repos\\TestConsoleAppNET\\ConsumerConsoleApp\\Services\\ExceptionThrower.cs:line 14\r\n   at ConsumerConsoleApp.Services.KafkaConsumer.StartConsuming() in C:\\Users\\Jox\\source\\repos\\TestConsoleAppNET\\ConsumerConsoleApp\\Services\\KafkaConsumer.cs:line 22","one":"ProducerConsoleApp.Models.Bet","two":{"Id":0,"GameId":0,"UserId":0,"StakeAmount":69,"WinAmount":null,"Created":"0001-01-01T00:00:00.0000000","$type":"Bet"}}
{"@t":"2023-04-12T14:46:09.0686383Z","@mt":"Look at the properties","MyContextName":{"Id":0,"GameId":0,"UserId":0,"StakeAmount":123,"WinAmount":null,"Created":"0001-01-01T00:00:00.0000000","$type":"Bet"}}
{"@t":"2023-04-12T14:46:09.1015952Z","@mt":"They're still here","MyContextName":{"Id":0,"GameId":0,"UserId":0,"StakeAmount":123,"WinAmount":null,"Created":"0001-01-01T00:00:00.0000000","$type":"Bet"}}
{"@t":"2023-04-12T14:46:09.1023085Z","@mt":"I have a parameter with my class name!","SourceContext":"ConsumerConsoleApp.Services.KafkaConsumer"}
{"@t":"2023-04-12T14:46:09.1456208Z","@mt":"Hi, this is a debug string. wow","@l":"Debug"}
{"@t":"2023-04-12T14:46:09.1458613Z","@mt":"Error! I have logged an error!","@l":"Error"}
{"@t":"2023-04-12T14:46:09.1540438Z","@mt":"I'm about to create an exception!","@l":"Warning"}
{"@t":"2023-04-12T14:46:09.1712786Z","@mt":"Debugging an exception what {one}, {@two}","@l":"Fatal","@x":"System.Exception: Big Exception happened\r\n   at ConsumerConsoleApp.Services.ExceptionThrower.DoIt() in C:\\Users\\Jox\\source\\repos\\TestConsoleAppNET\\ConsumerConsoleApp\\Services\\ExceptionThrower.cs:line 14\r\n   at ConsumerConsoleApp.Services.KafkaConsumer.StartConsuming() in C:\\Users\\Jox\\source\\repos\\TestConsoleAppNET\\ConsumerConsoleApp\\Services\\KafkaConsumer.cs:line 22","one":"ProducerConsoleApp.Models.Bet","two":{"Id":0,"GameId":0,"UserId":0,"StakeAmount":69,"WinAmount":null,"Created":"0001-01-01T00:00:00.0000000","$type":"Bet"}}
{"@t":"2023-04-12T14:46:32.0519934Z","@mt":"Look at the properties","MyContextName":{"Id":0,"GameId":0,"UserId":0,"StakeAmount":123,"WinAmount":null,"Created":"0001-01-01T00:00:00.0000000","$type":"Bet"}}
{"@t":"2023-04-12T14:46:32.0861773Z","@mt":"They're still here","MyContextName":{"Id":0,"GameId":0,"UserId":0,"StakeAmount":123,"WinAmount":null,"Created":"0001-01-01T00:00:00.0000000","$type":"Bet"}}
{"@t":"2023-04-12T14:46:32.0870622Z","@mt":"I have a parameter with my class name!","SourceContext":"ConsumerConsoleApp.Services.KafkaConsumer"}
{"@t":"2023-04-12T14:46:32.1255903Z","@mt":"Hi, this is a debug string. wow","@l":"Debug"}
{"@t":"2023-04-12T14:46:32.1258630Z","@mt":"Error! I have logged an error!","@l":"Error"}
{"@t":"2023-04-12T14:46:32.2644649Z","@mt":"I'm about to create an exception!","@l":"Warning"}
{"@t":"2023-04-12T14:46:32.2994265Z","@mt":"Debugging an exception what {one}, {@two}","@l":"Fatal","@x":"System.Exception: Big Exception happened\r\n   at ConsumerConsoleApp.Services.ExceptionThrower.DoIt() in C:\\Users\\Jox\\source\\repos\\TestConsoleAppNET\\ConsumerConsoleApp\\Services\\ExceptionThrower.cs:line 14\r\n   at ConsumerConsoleApp.Services.KafkaConsumer.StartConsuming() in C:\\Users\\Jox\\source\\repos\\TestConsoleAppNET\\ConsumerConsoleApp\\Services\\KafkaConsumer.cs:line 22","one":"ProducerConsoleApp.Models.Bet","two":{"Id":0,"GameId":0,"UserId":0,"StakeAmount":69,"WinAmount":null,"Created":"0001-01-01T00:00:00.0000000","$type":"Bet"}}
{"@t":"2023-04-12T14:47:05.9016443Z","@mt":"Look at the properties","MyContextName":{"Id":0,"GameId":0,"UserId":0,"StakeAmount":123,"WinAmount":null,"Created":"0001-01-01T00:00:00.0000000","$type":"Bet"}}
{"@t":"2023-04-12T14:47:05.9373838Z","@mt":"They're still here","MyContextName":{"Id":0,"GameId":0,"UserId":0,"StakeAmount":123,"WinAmount":null,"Created":"0001-01-01T00:00:00.0000000","$type":"Bet"}}
{"@t":"2023-04-12T14:47:05.9382222Z","@mt":"I have a parameter with my class name!","SourceContext":"ConsumerConsoleApp.Services.KafkaConsumer"}
{"@t":"2023-04-12T14:47:06.0540946Z","@mt":"Hi, this is a debug string. wow","@l":"Debug"}
{"@t":"2023-04-12T14:47:06.0542966Z","@mt":"Error! I have logged an error!","@l":"Error"}
{"@t":"2023-04-12T14:47:06.1644257Z","@mt":"I'm about to create an exception!","@l":"Warning"}
{"@t":"2023-04-12T14:47:06.1974568Z","@mt":"Debugging an exception what {one}, {@two}","@l":"Fatal","@x":"System.Exception: Big Exception happened\r\n   at ConsumerConsoleApp.Services.ExceptionThrower.DoIt() in C:\\Users\\Jox\\source\\repos\\TestConsoleAppNET\\ConsumerConsoleApp\\Services\\ExceptionThrower.cs:line 14\r\n   at ConsumerConsoleApp.Services.KafkaConsumer.StartConsuming() in C:\\Users\\Jox\\source\\repos\\TestConsoleAppNET\\ConsumerConsoleApp\\Services\\KafkaConsumer.cs:line 22","one":"ProducerConsoleApp.Models.Bet","two":{"Id":0,"GameId":0,"UserId":0,"StakeAmount":69,"WinAmount":null,"Created":"0001-01-01T00:00:00.0000000","$type":"Bet"}}
{"@t":"2023-04-12T14:50:10.2231661Z","@mt":"Look at the properties","MyContextName":{"Id":0,"GameId":0,"UserId":0,"StakeAmount":123,"WinAmount":null,"Created":"0001-01-01T00:00:00.0000000","$type":"Bet"}}
{"@t":"2023-04-12T14:50:10.2723705Z","@mt":"They're still here","MyContextName":{"Id":0,"GameId":0,"UserId":0,"StakeAmount":123,"WinAmount":null,"Created":"0001-01-01T00:00:00.0000000","$type":"Bet"}}
{"@t":"2023-04-12T14:50:10.2736483Z","@mt":"I have a parameter with my class name!","SourceContext":"ConsumerConsoleApp.Services.KafkaConsumer"}
{"@t":"2023-04-12T14:50:10.3224540Z","@mt":"Hi, this is a debug string. wow","@l":"Debug"}
{"@t":"2023-04-12T14:50:10.3226420Z","@mt":"Error! I have logged an error!","@l":"Error"}
{"@t":"2023-04-12T14:50:10.4526575Z","@mt":"I'm about to create an exception!","@l":"Warning"}
{"@t":"2023-04-12T14:50:10.4874605Z","@mt":"Debugging an exception what {one}, {@two}","@l":"Fatal","@x":"System.Exception: Big Exception happened\r\n   at ConsumerConsoleApp.Services.ExceptionThrower.DoIt() in C:\\Users\\Jox\\source\\repos\\TestConsoleAppNET\\ConsumerConsoleApp\\Services\\ExceptionThrower.cs:line 14\r\n   at ConsumerConsoleApp.Services.KafkaConsumer.StartConsuming() in C:\\Users\\Jox\\source\\repos\\TestConsoleAppNET\\ConsumerConsoleApp\\Services\\KafkaConsumer.cs:line 22","one":"ProducerConsoleApp.Models.Bet","two":{"Id":0,"GameId":0,"UserId":0,"StakeAmount":69,"WinAmount":null,"Created":"0001-01-01T00:00:00.0000000","$type":"Bet"}}
{"@t":"2023-04-12T14:54:39.6558417Z","@mt":"Look at the properties","MyContextName":{"Id":0,"GameId":0,"UserId":0,"StakeAmount":123,"WinAmount":null,"Created":"0001-01-01T00:00:00.0000000","$type":"Bet"}}
{"@t":"2023-04-12T14:54:39.6830121Z","@mt":"They're still here","MyContextName":{"Id":0,"GameId":0,"UserId":0,"StakeAmount":123,"WinAmount":null,"Created":"0001-01-01T00:00:00.0000000","$type":"Bet"}}
{"@t":"2023-04-12T14:54:39.6837611Z","@mt":"I have a parameter with my class name!","SourceContext":"ConsumerConsoleApp.Services.KafkaConsumer"}
{"@t":"2023-04-12T14:54:39.6895821Z","@mt":"Hi, this is a debug string. wow","@l":"Debug"}
{"@t":"2023-04-12T14:54:39.6897557Z","@mt":"Error! I have logged an error!","@l":"Error"}
{"@t":"2023-04-12T14:54:39.7505759Z","@mt":"I'm about to create an exception!","@l":"Warning"}
{"@t":"2023-04-12T14:54:39.7686423Z","@mt":"Debugging an exception what {one}, {@two}","@l":"Fatal","@x":"System.Exception: Big Exception happened\r\n   at ConsumerConsoleApp.Services.ExceptionThrower.DoIt() in C:\\Users\\Jox\\source\\repos\\TestConsoleAppNET\\ConsumerConsoleApp\\Services\\ExceptionThrower.cs:line 14\r\n   at ConsumerConsoleApp.Services.KafkaConsumer.StartConsuming() in C:\\Users\\Jox\\source\\repos\\TestConsoleAppNET\\ConsumerConsoleApp\\Services\\KafkaConsumer.cs:line 22","one":"ProducerConsoleApp.Models.Bet","two":{"Id":0,"GameId":0,"UserId":0,"StakeAmount":69,"WinAmount":null,"Created":"0001-01-01T00:00:00.0000000","$type":"Bet"}}
